2020-11-03 10:03:25,984 INFO  [main] com.el.returnmsg.ReturnmsgApplication : Starting ReturnmsgApplication on DESKTOP-I614DFB with PID 3772 (D:\Users\alan_\IdeaProjects\returnmsg\target\classes started by alan_ in D:\Users\alan_\IdeaProjects\returnmsg)
2020-11-03 10:03:26,000 DEBUG [main] com.el.returnmsg.ReturnmsgApplication : Running with Spring Boot v2.3.4.RELEASE, Spring v5.2.9.RELEASE
2020-11-03 10:03:26,000 INFO  [main] com.el.returnmsg.ReturnmsgApplication : No active profile set, falling back to default profiles: default
2020-11-03 10:03:27,316 INFO  [main] org.springframework.boot.web.embedded.tomcat.TomcatWebServer : Tomcat initialized with port(s): 8014 (http)
2020-11-03 10:03:27,316 INFO  [main] org.apache.catalina.core.StandardService : Starting service [Tomcat]
2020-11-03 10:03:27,316 INFO  [main] org.apache.catalina.core.StandardEngine : Starting Servlet engine: [Apache Tomcat/9.0.38]
2020-11-03 10:03:27,457 INFO  [main] org.apache.catalina.core.ContainerBase.[Tomcat].[localhost].[/returnmsg] : Initializing Spring embedded WebApplicationContext
2020-11-03 10:03:27,457 INFO  [main] org.springframework.boot.web.servlet.context.ServletWebServerApplicationContext : Root WebApplicationContext: initialization completed in 1395 ms
2020-11-03 10:03:27,847 INFO  [main] org.springframework.scheduling.concurrent.ThreadPoolTaskExecutor : Initializing ExecutorService 'applicationTaskExecutor'
2020-11-03 10:03:27,925 INFO  [main] org.springframework.boot.autoconfigure.web.servlet.WelcomePageHandlerMapping : Adding welcome page template: index
2020-11-03 10:03:28,035 INFO  [main] org.springframework.scheduling.concurrent.ThreadPoolTaskScheduler : Initializing ExecutorService 'taskScheduler'
2020-11-03 10:03:28,097 INFO  [main] org.springframework.boot.web.embedded.tomcat.TomcatWebServer : Tomcat started on port(s): 8014 (http) with context path '/returnmsg'
2020-11-03 10:03:28,113 INFO  [main] com.el.returnmsg.ReturnmsgApplication : Started ReturnmsgApplication in 2.877 seconds (JVM running for 7.547)
2020-11-03 10:10:48,416 INFO  [http-nio-8014-exec-1] org.apache.catalina.core.ContainerBase.[Tomcat].[localhost].[/returnmsg] : Initializing Spring DispatcherServlet 'dispatcherServlet'
2020-11-03 10:10:48,416 INFO  [http-nio-8014-exec-1] org.springframework.web.servlet.DispatcherServlet : Initializing Servlet 'dispatcherServlet'
2020-11-03 10:10:48,423 INFO  [http-nio-8014-exec-1] org.springframework.web.servlet.DispatcherServlet : Completed initialization in 7 ms
2020-11-03 10:10:48,526 INFO  [http-nio-8014-exec-1] com.el.returnmsg.controller.F551513ZController : =========delete begin=====
2020-11-03 10:10:48,526 INFO  [http-nio-8014-exec-1] com.el.returnmsg.controller.F551513ZController : =inputJson=F551513ZJson{operationType=1, pids=[6], operator='SG11017', operateTime='2020-10-21 15:04:07'}
2020-11-03 10:10:48,551 INFO  [http-nio-8014-exec-1] com.zaxxer.hikari.HikariDataSource : HikariPool-1 - Starting...
2020-11-03 10:10:48,553 WARN  [http-nio-8014-exec-1] com.zaxxer.hikari.util.DriverDataSource : Registered driver with driverClassName=oracle.jdbc.driver.OracleDriver was not found, trying direct instantiation.
2020-11-03 10:10:53,044 INFO  [http-nio-8014-exec-1] com.zaxxer.hikari.HikariDataSource : HikariPool-1 - Start completed.
2020-11-03 10:10:53,058 DEBUG [http-nio-8014-exec-1] com.el.returnmsg.dao.F551513ZDao.deleteF551513ZList : ==>  Preparing: DELETE FROM f1511b WHERE njpost!='D' AND trim(njpid) IN ('6')
2020-11-03 10:10:53,133 DEBUG [http-nio-8014-exec-1] com.el.returnmsg.dao.F551513ZDao.deleteF551513ZList : ==> Parameters: 
2020-11-03 10:10:53,213 DEBUG [http-nio-8014-exec-1] com.el.returnmsg.dao.F551513ZDao.deleteF551513ZList : <==    Updates: 1
2020-11-03 10:10:53,216 DEBUG [http-nio-8014-exec-1] com.el.returnmsg.dao.F551513ZDao.deleteF551511ZList : ==>  Preparing: DELETE FROM F551511Z WHERE trim(axpid) IN ('6')
2020-11-03 10:10:53,217 DEBUG [http-nio-8014-exec-1] com.el.returnmsg.dao.F551513ZDao.deleteF551511ZList : ==> Parameters: 
2020-11-03 10:10:53,249 DEBUG [http-nio-8014-exec-1] com.el.returnmsg.dao.F551513ZDao.deleteF551511ZList : <==    Updates: 0
2020-11-03 10:10:53,249 INFO  [http-nio-8014-exec-1] com.el.returnmsg.controller.F551513ZController : delete info:Y
2020-11-03 10:11:52,979 INFO  [http-nio-8014-exec-3] com.el.returnmsg.controller.F551513ZController : =========delete begin=====
2020-11-03 10:11:52,980 INFO  [http-nio-8014-exec-3] com.el.returnmsg.controller.F551513ZController : =inputJson=F551513ZJson{operationType=1, pids=[67], operator='SG11017', operateTime='2020-10-21 15:04:07'}
2020-11-03 10:11:52,993 DEBUG [http-nio-8014-exec-3] com.el.returnmsg.dao.F551513ZDao.deleteF551513ZList : ==>  Preparing: DELETE FROM f1511b WHERE njpost!='D' AND trim(njpid) IN ('67')
2020-11-03 10:11:52,994 DEBUG [http-nio-8014-exec-3] com.el.returnmsg.dao.F551513ZDao.deleteF551513ZList : ==> Parameters: 
2020-11-03 10:11:53,004 DEBUG [http-nio-8014-exec-3] com.el.returnmsg.dao.F551513ZDao.deleteF551513ZList : <==    Updates: 0
2020-11-03 10:11:53,004 DEBUG [http-nio-8014-exec-3] com.el.returnmsg.dao.F551513ZDao.deleteF551511ZList : ==>  Preparing: DELETE FROM F551511Z WHERE trim(axpid) IN ('67')
2020-11-03 10:11:53,004 DEBUG [http-nio-8014-exec-3] com.el.returnmsg.dao.F551513ZDao.deleteF551511ZList : ==> Parameters: 
2020-11-03 10:11:53,039 DEBUG [http-nio-8014-exec-3] com.el.returnmsg.dao.F551513ZDao.deleteF551511ZList : <==    Updates: 1
2020-11-03 10:11:53,039 INFO  [http-nio-8014-exec-3] com.el.returnmsg.controller.F551513ZController : delete info:Y
2020-11-03 10:13:09,708 INFO  [http-nio-8014-exec-6] com.el.returnmsg.controller.F551513ZController : =========delete begin=====
2020-11-03 10:13:09,708 INFO  [http-nio-8014-exec-6] com.el.returnmsg.controller.F551513ZController : =inputJson=F551513ZJson{operationType=1, pids=[68], operator='SG11017', operateTime='2020-10-21 15:04:07'}
2020-11-03 10:13:09,719 DEBUG [http-nio-8014-exec-6] com.el.returnmsg.dao.F551513ZDao.deleteF551513ZList : ==>  Preparing: DELETE FROM f1511b WHERE njpost!='D' AND trim(njpid) IN ('68')
2020-11-03 10:13:09,719 DEBUG [http-nio-8014-exec-6] com.el.returnmsg.dao.F551513ZDao.deleteF551513ZList : ==> Parameters: 
2020-11-03 10:13:09,735 DEBUG [http-nio-8014-exec-6] com.el.returnmsg.dao.F551513ZDao.deleteF551513ZList : <==    Updates: 1
2020-11-03 10:13:09,735 DEBUG [http-nio-8014-exec-6] com.el.returnmsg.dao.F551513ZDao.deleteF551511ZList : ==>  Preparing: DELETE FROM F551511Z WHERE trim(axpid) IN ('68')
2020-11-03 10:13:09,735 DEBUG [http-nio-8014-exec-6] com.el.returnmsg.dao.F551513ZDao.deleteF551511ZList : ==> Parameters: 
2020-11-03 10:13:10,056 DEBUG [http-nio-8014-exec-6] com.el.returnmsg.dao.F551513ZDao.deleteF551511ZList : <==    Updates: 1
2020-11-03 10:13:10,057 INFO  [http-nio-8014-exec-6] com.el.returnmsg.controller.F551513ZController : delete info:Y
2020-11-03 10:13:21,502 INFO  [http-nio-8014-exec-7] com.el.returnmsg.controller.F551513ZController : =========delete begin=====
2020-11-03 10:13:21,502 INFO  [http-nio-8014-exec-7] com.el.returnmsg.controller.F551513ZController : =inputJson=F551513ZJson{operationType=1, pids=[62], operator='SG11017', operateTime='2020-10-21 15:04:07'}
2020-11-03 10:13:21,514 DEBUG [http-nio-8014-exec-7] com.el.returnmsg.dao.F551513ZDao.deleteF551513ZList : ==>  Preparing: DELETE FROM f1511b WHERE njpost!='D' AND trim(njpid) IN ('62')
2020-11-03 10:13:21,517 DEBUG [http-nio-8014-exec-7] com.el.returnmsg.dao.F551513ZDao.deleteF551513ZList : ==> Parameters: 
2020-11-03 10:13:21,539 DEBUG [http-nio-8014-exec-7] com.el.returnmsg.dao.F551513ZDao.deleteF551513ZList : <==    Updates: 0
2020-11-03 10:13:21,540 DEBUG [http-nio-8014-exec-7] com.el.returnmsg.dao.F551513ZDao.deleteF551511ZList : ==>  Preparing: DELETE FROM F551511Z WHERE trim(axpid) IN ('62')
2020-11-03 10:13:21,540 DEBUG [http-nio-8014-exec-7] com.el.returnmsg.dao.F551513ZDao.deleteF551511ZList : ==> Parameters: 
2020-11-03 10:13:21,554 DEBUG [http-nio-8014-exec-7] com.el.returnmsg.dao.F551513ZDao.deleteF551511ZList : <==    Updates: 0
2020-11-03 10:13:21,554 INFO  [http-nio-8014-exec-7] com.el.returnmsg.controller.F551513ZController : delete info:撤销行数0,请检查数据是已过账或者异常
